* using log directory '/Users/RGonzalez/RamiroWork/ownRepos/RLPJ/Rlpj.Rcheck'
* using R version 3.2.1 (2015-06-18)
* using platform: x86_64-apple-darwin10.8.0 (64-bit)
* using session charset: ASCII
* using option '--as-cran'
* checking for file 'Rlpj/DESCRIPTION' ... OK
* this is package 'Rlpj' version '0.1'
* checking CRAN incoming feasibility ... NOTE
Maintainer: 'Florian Hartig <florian.hartig@biom.uni-freiburg.de>'
New submission

Uses the superseded package: 'snow'

Package has a VignetteBuilder field but no prebuilt vignette index.

Checking URLs requires 'libcurl' support in the R build

No package encoding and non-ASCII characters in the following R files:
  R/gridarea1d.R
    36: # @ 0.5<c2><b0> resolution globally).

The Title field should be in title case, current version then in title case:
'Parallelization of the LPJ-GUESS model'
'Parallelization of the LPJ-GUESS Model'
* checking package namespace information ... OK
* checking package dependencies ... ERROR
  No repository set, so cyclic dependency check skipped

Package required but not available: 'Rmpi'

See section 'The DESCRIPTION file' in the 'Writing R Extensions'
manual.
* DONE
Status: 1 ERROR, 1 NOTE
